[2024-06-20 11:29:49,755][__main__][INFO] - start experiment...
[2024-06-20 11:30:16,428][__main__][INFO] - calculate approximate policy value ...: 100%|███████████████████████████████████████████████████████████████████████████████████████████████████████████████████| 100/100 [00:26<00:00,  3.76it/s]
[2024-06-20 11:30:35,605][__main__][INFO] - behavior=independent, behavior commlexity=0.0: 100%|██████████████████████████████████████████████████████████████████████████████████████████████████████████| 1000/1000 [00:19<00:00, 52.16it/s]
[2024-06-20 11:31:04,567][__main__][INFO] - calculate approximate policy value ...: 100%|███████████████████████████████████████████████████████████████████████████████████████████████████████████████████| 100/100 [00:28<00:00,  3.46it/s]
[2024-06-20 11:31:26,008][__main__][INFO] - behavior=independent, behavior commlexity=0.2: 100%|██████████████████████████████████████████████████████████████████████████████████████████████████████████| 1000/1000 [00:21<00:00, 46.65it/s]
[2024-06-20 11:31:54,211][__main__][INFO] - calculate approximate policy value ...: 100%|███████████████████████████████████████████████████████████████████████████████████████████████████████████████████| 100/100 [00:28<00:00,  3.55it/s]
[2024-06-20 11:32:16,336][__main__][INFO] - behavior=independent, behavior commlexity=0.4: 100%|██████████████████████████████████████████████████████████████████████████████████████████████████████████| 1000/1000 [00:22<00:00, 45.22it/s]
[2024-06-20 11:32:45,784][__main__][INFO] - calculate approximate policy value ...: 100%|███████████████████████████████████████████████████████████████████████████████████████████████████████████████████| 100/100 [00:29<00:00,  3.40it/s]
[2024-06-20 11:33:08,751][__main__][INFO] - behavior=independent, behavior commlexity=0.6: 100%|██████████████████████████████████████████████████████████████████████████████████████████████████████████| 1000/1000 [00:22<00:00, 43.55it/s]
[2024-06-20 11:33:39,210][__main__][INFO] - calculate approximate policy value ...: 100%|███████████████████████████████████████████████████████████████████████████████████████████████████████████████████| 100/100 [00:30<00:00,  3.29it/s]
[2024-06-20 11:34:02,893][__main__][INFO] - behavior=independent, behavior commlexity=0.8: 100%|██████████████████████████████████████████████████████████████████████████████████████████████████████████| 1000/1000 [00:23<00:00, 42.23it/s]
[2024-06-20 11:34:34,078][__main__][INFO] - calculate approximate policy value ...: 100%|███████████████████████████████████████████████████████████████████████████████████████████████████████████████████| 100/100 [00:31<00:00,  3.21it/s]
[2024-06-20 11:35:00,006][__main__][INFO] - behavior=independent, behavior commlexity=1.0: 100%|██████████████████████████████████████████████████████████████████████████████████████████████████████████| 1000/1000 [00:25<00:00, 38.57it/s]
[2024-06-20 11:35:32,215][__main__][INFO] - calculate approximate policy value ...: 100%|███████████████████████████████████████████████████████████████████████████████████████████████████████████████████| 100/100 [00:29<00:00,  3.37it/s]
[2024-06-20 11:35:55,782][__main__][INFO] - behavior=cascade, behavior commlexity=0.0: 100%|██████████████████████████████████████████████████████████████████████████████████████████████████████████████| 1000/1000 [00:23<00:00, 42.44it/s]
[2024-06-20 11:36:29,905][__main__][INFO] - calculate approximate policy value ...: 100%|███████████████████████████████████████████████████████████████████████████████████████████████████████████████████| 100/100 [00:33<00:00,  2.95it/s]
[2024-06-20 11:36:53,307][__main__][INFO] - behavior=cascade, behavior commlexity=0.2: 100%|██████████████████████████████████████████████████████████████████████████████████████████████████████████████| 1000/1000 [00:23<00:00, 42.75it/s]
[2024-06-20 11:37:23,538][__main__][INFO] - calculate approximate policy value ...: 100%|███████████████████████████████████████████████████████████████████████████████████████████████████████████████████| 100/100 [00:30<00:00,  3.32it/s]
[2024-06-20 11:37:48,406][__main__][INFO] - behavior=cascade, behavior commlexity=0.4: 100%|██████████████████████████████████████████████████████████████████████████████████████████████████████████████| 1000/1000 [00:24<00:00, 40.23it/s]
[2024-06-20 11:38:18,772][__main__][INFO] - calculate approximate policy value ...: 100%|███████████████████████████████████████████████████████████████████████████████████████████████████████████████████| 100/100 [00:30<00:00,  3.30it/s]
[2024-06-20 11:38:43,716][__main__][INFO] - behavior=cascade, behavior commlexity=0.6: 100%|██████████████████████████████████████████████████████████████████████████████████████████████████████████████| 1000/1000 [00:24<00:00, 40.10it/s]
[2024-06-20 11:39:13,514][__main__][INFO] - calculate approximate policy value ...: 100%|███████████████████████████████████████████████████████████████████████████████████████████████████████████████████| 100/100 [00:29<00:00,  3.36it/s]
[2024-06-20 11:39:38,414][__main__][INFO] - behavior=cascade, behavior commlexity=0.8: 100%|██████████████████████████████████████████████████████████████████████████████████████████████████████████████| 1000/1000 [00:24<00:00, 40.17it/s]
[2024-06-20 11:40:08,614][__main__][INFO] - calculate approximate policy value ...: 100%|███████████████████████████████████████████████████████████████████████████████████████████████████████████████████| 100/100 [00:30<00:00,  3.32it/s]
[2024-06-20 11:40:33,151][__main__][INFO] - behavior=cascade, behavior commlexity=1.0: 100%|██████████████████████████████████████████████████████████████████████████████████████████████████████████████| 1000/1000 [00:24<00:00, 40.76it/s]
[2024-06-20 11:40:35,132][__main__][INFO] - finish experiment...
[2024-06-20 12:06:15,913][__main__][INFO] - start experiment...
[2024-06-20 12:06:43,242][__main__][INFO] - calculate approximate policy value ...: 100%|███████████████████████████████████████████████████████████████████████████████████████████████████████████████████| 100/100 [00:27<00:00,  3.66it/s]
[2024-06-20 12:07:02,592][__main__][INFO] - behavior=independent, behavior ratio={'independent': 1.0, 'cascade': 0.0, 'all': 0.0}: 100%|██████████████████████████████████████████████████████████████████| 1000/1000 [00:19<00:00, 51.69it/s]
[2024-06-20 12:07:32,342][__main__][INFO] - calculate approximate policy value ...: 100%|███████████████████████████████████████████████████████████████████████████████████████████████████████████████████| 100/100 [00:29<00:00,  3.37it/s]
[2024-06-20 12:08:00,853][__main__][INFO] - behavior=independent, behavior ratio={'independent': 0.9, 'cascade': 0.05, 'all': 0.05}: 100%|████████████████████████████████████████████████████████████████| 1000/1000 [00:28<00:00, 35.08it/s]
[2024-06-20 12:08:30,183][__main__][INFO] - calculate approximate policy value ...: 100%|███████████████████████████████████████████████████████████████████████████████████████████████████████████████████| 100/100 [00:29<00:00,  3.42it/s]
[2024-06-20 12:08:53,145][__main__][INFO] - behavior=independent, behavior ratio={'independent': 0.8, 'cascade': 0.1, 'all': 0.1}: 100%|██████████████████████████████████████████████████████████████████| 1000/1000 [00:22<00:00, 43.56it/s]
[2024-06-20 12:09:21,887][__main__][INFO] - calculate approximate policy value ...: 100%|███████████████████████████████████████████████████████████████████████████████████████████████████████████████████| 100/100 [00:28<00:00,  3.49it/s]
[2024-06-20 12:09:45,190][__main__][INFO] - behavior=independent, behavior ratio={'independent': 0.7, 'cascade': 0.15, 'all': 0.15}: 100%|████████████████████████████████████████████████████████████████| 1000/1000 [00:23<00:00, 42.92it/s]
[2024-06-20 12:10:14,402][__main__][INFO] - calculate approximate policy value ...: 100%|███████████████████████████████████████████████████████████████████████████████████████████████████████████████████| 100/100 [00:29<00:00,  3.43it/s]
[2024-06-20 12:10:37,893][__main__][INFO] - behavior=independent, behavior ratio={'independent': 0.6, 'cascade': 0.2, 'all': 0.2}: 100%|██████████████████████████████████████████████████████████████████| 1000/1000 [00:23<00:00, 42.58it/s]
[2024-06-20 12:11:07,061][__main__][INFO] - calculate approximate policy value ...: 100%|███████████████████████████████████████████████████████████████████████████████████████████████████████████████████| 100/100 [00:29<00:00,  3.43it/s]
[2024-06-20 12:11:31,015][__main__][INFO] - behavior=independent, behavior ratio={'independent': 0.5, 'cascade': 0.25, 'all': 0.25}: 100%|████████████████████████████████████████████████████████████████| 1000/1000 [00:23<00:00, 41.75it/s]
[2024-06-20 12:12:01,696][__main__][INFO] - calculate approximate policy value ...: 100%|███████████████████████████████████████████████████████████████████████████████████████████████████████████████████| 100/100 [00:28<00:00,  3.56it/s]
[2024-06-20 12:12:23,942][__main__][INFO] - behavior=cascade, behavior ratio={'independent': 0.0, 'cascade': 1.0, 'all': 0.0}: 100%|██████████████████████████████████████████████████████████████████████| 1000/1000 [00:22<00:00, 44.96it/s]
[2024-06-20 12:12:53,082][__main__][INFO] - calculate approximate policy value ...: 100%|███████████████████████████████████████████████████████████████████████████████████████████████████████████████████| 100/100 [00:29<00:00,  3.44it/s]
[2024-06-20 12:13:16,973][__main__][INFO] - behavior=cascade, behavior ratio={'independent': 0.05, 'cascade': 0.9, 'all': 0.05}: 100%|████████████████████████████████████████████████████████████████████| 1000/1000 [00:23<00:00, 41.86it/s]
[2024-06-20 12:13:45,900][__main__][INFO] - calculate approximate policy value ...: 100%|███████████████████████████████████████████████████████████████████████████████████████████████████████████████████| 100/100 [00:28<00:00,  3.46it/s]
[2024-06-20 12:14:09,680][__main__][INFO] - behavior=cascade, behavior ratio={'independent': 0.1, 'cascade': 0.8, 'all': 0.1}: 100%|██████████████████████████████████████████████████████████████████████| 1000/1000 [00:23<00:00, 42.06it/s]
[2024-06-20 12:14:38,766][__main__][INFO] - calculate approximate policy value ...: 100%|███████████████████████████████████████████████████████████████████████████████████████████████████████████████████| 100/100 [00:29<00:00,  3.44it/s]
[2024-06-20 12:15:04,203][__main__][INFO] - behavior=cascade, behavior ratio={'independent': 0.15, 'cascade': 0.7, 'all': 0.15}: 100%|████████████████████████████████████████████████████████████████████| 1000/1000 [00:25<00:00, 39.32it/s]
[2024-06-20 12:15:34,356][__main__][INFO] - calculate approximate policy value ...: 100%|███████████████████████████████████████████████████████████████████████████████████████████████████████████████████| 100/100 [00:30<00:00,  3.33it/s]
[2024-06-20 12:15:58,580][__main__][INFO] - behavior=cascade, behavior ratio={'independent': 0.2, 'cascade': 0.6, 'all': 0.2}: 100%|██████████████████████████████████████████████████████████████████████| 1000/1000 [00:24<00:00, 41.29it/s]
[2024-06-20 12:16:28,408][__main__][INFO] - calculate approximate policy value ...: 100%|███████████████████████████████████████████████████████████████████████████████████████████████████████████████████| 100/100 [00:29<00:00,  3.36it/s]
[2024-06-20 12:16:52,883][__main__][INFO] - behavior=cascade, behavior ratio={'independent': 0.25, 'cascade': 0.5, 'all': 0.25}: 100%|████████████████████████████████████████████████████████████████████| 1000/1000 [00:24<00:00, 40.86it/s]
[2024-06-20 12:16:55,296][__main__][INFO] - finish experiment...
[2024-08-01 06:55:29,633][__main__][INFO] - start experiment...
[2024-08-01 06:57:22,241][__main__][INFO] - start experiment...
[2024-08-01 06:57:31,376][__main__][INFO] - calculate approximate policy value ...: 100%|██████████████████████████████████████████████████████████████████████████████████████████████████████████████████████████████████████████████████████████████| 100/100 [00:09<00:00, 11.04it/s]
[2024-08-01 07:01:38,639][__main__][INFO] - start experiment...
[2024-08-01 07:01:47,990][__main__][INFO] - calculate approximate policy value ...: 100% 100/100 [00:09<00:00, 10.78it/s]
[2024-08-01 07:02:20,228][__main__][INFO] - behavior=cascade, behavior ratio={'independent': 0.0, 'cascade': 1.0, 'all': 0.0}: 100% 1000/1000 [00:32<00:00, 31.02it/s]
[2024-08-01 07:02:29,114][__main__][INFO] - calculate approximate policy value ...: 100% 100/100 [00:08<00:00, 11.45it/s]
[2024-08-01 07:03:02,732][__main__][INFO] - behavior=cascade, behavior ratio={'independent': 0.05, 'cascade': 0.9, 'all': 0.05}: 100% 1000/1000 [00:33<00:00, 29.75it/s]
[2024-08-01 07:03:11,379][__main__][INFO] - calculate approximate policy value ...: 100% 100/100 [00:08<00:00, 11.71it/s]
[2024-08-01 07:03:44,612][__main__][INFO] - behavior=cascade, behavior ratio={'independent': 0.1, 'cascade': 0.8, 'all': 0.1}: 100% 1000/1000 [00:33<00:00, 30.10it/s]
[2024-08-01 07:03:53,370][__main__][INFO] - calculate approximate policy value ...: 100% 100/100 [00:08<00:00, 11.66it/s]
[2024-08-01 07:04:25,467][__main__][INFO] - behavior=cascade, behavior ratio={'independent': 0.15, 'cascade': 0.7, 'all': 0.15}: 100% 1000/1000 [00:32<00:00, 31.16it/s]
[2024-08-01 07:04:33,924][__main__][INFO] - calculate approximate policy value ...: 100% 100/100 [00:08<00:00, 11.96it/s]
[2024-08-01 07:05:05,692][__main__][INFO] - behavior=cascade, behavior ratio={'independent': 0.2, 'cascade': 0.6, 'all': 0.2}: 100% 1000/1000 [00:31<00:00, 31.48it/s]
[2024-08-01 07:05:14,727][__main__][INFO] - calculate approximate policy value ...: 100% 100/100 [00:08<00:00, 11.18it/s]
[2024-08-01 07:05:46,237][__main__][INFO] - behavior=cascade, behavior ratio={'independent': 0.25, 'cascade': 0.5, 'all': 0.25}: 100% 1000/1000 [00:31<00:00, 31.74it/s]
[2024-08-01 07:06:51,503][__main__][INFO] - start experiment...
[2024-08-01 07:07:00,089][__main__][INFO] - calculate approximate policy value ...: 100% 100/100 [00:08<00:00, 11.74it/s]
[2024-08-01 07:07:26,514][__main__][INFO] - behavior=cascade, behavior ratio={'independent': 0.0, 'cascade': 1.0, 'all': 0.0}: 100% 1000/1000 [00:26<00:00, 37.86it/s]
[2024-08-01 07:07:34,623][__main__][INFO] - calculate approximate policy value ...: 100% 100/100 [00:07<00:00, 12.53it/s]
[2024-08-01 07:08:01,111][__main__][INFO] - behavior=cascade, behavior ratio={'independent': 0.05, 'cascade': 0.9, 'all': 0.05}: 100% 1000/1000 [00:26<00:00, 37.76it/s]
[2024-08-01 07:08:09,509][__main__][INFO] - calculate approximate policy value ...: 100% 100/100 [00:08<00:00, 12.04it/s]
[2024-08-01 07:08:37,215][__main__][INFO] - behavior=cascade, behavior ratio={'independent': 0.1, 'cascade': 0.8, 'all': 0.1}: 100% 1000/1000 [00:27<00:00, 36.10it/s]
[2024-08-01 07:08:45,599][__main__][INFO] - calculate approximate policy value ...: 100% 100/100 [00:08<00:00, 12.07it/s]
[2024-08-01 07:09:14,358][__main__][INFO] - behavior=cascade, behavior ratio={'independent': 0.15, 'cascade': 0.7, 'all': 0.15}: 100% 1000/1000 [00:28<00:00, 34.78it/s]
[2024-08-01 07:09:22,720][__main__][INFO] - calculate approximate policy value ...: 100% 100/100 [00:08<00:00, 12.09it/s]
[2024-08-01 07:09:52,064][__main__][INFO] - behavior=cascade, behavior ratio={'independent': 0.2, 'cascade': 0.6, 'all': 0.2}: 100% 1000/1000 [00:29<00:00, 34.08it/s]
[2024-08-01 07:10:00,324][__main__][INFO] - calculate approximate policy value ...: 100% 100/100 [00:08<00:00, 12.23it/s]
[2024-08-01 07:10:28,237][__main__][INFO] - behavior=cascade, behavior ratio={'independent': 0.25, 'cascade': 0.5, 'all': 0.25}: 100% 1000/1000 [00:27<00:00, 35.83it/s]
[2024-08-01 07:10:37,975][__main__][INFO] - calculate approximate policy value ...: 100% 100/100 [00:07<00:00, 13.06it/s]
[2024-08-01 07:11:05,159][__main__][INFO] - behavior=independent, behavior ratio={'independent': 1.0, 'cascade': 0.0, 'all': 0.0}: 100% 1000/1000 [00:27<00:00, 36.80it/s]
[2024-08-01 07:11:13,151][__main__][INFO] - calculate approximate policy value ...: 100% 100/100 [00:07<00:00, 12.71it/s]
[2024-08-01 07:11:43,046][__main__][INFO] - behavior=independent, behavior ratio={'independent': 0.9, 'cascade': 0.05, 'all': 0.05}: 100% 1000/1000 [00:29<00:00, 33.46it/s]
[2024-08-01 07:11:51,049][__main__][INFO] - calculate approximate policy value ...: 100% 100/100 [00:07<00:00, 12.67it/s]
[2024-08-01 07:12:19,141][__main__][INFO] - behavior=independent, behavior ratio={'independent': 0.8, 'cascade': 0.1, 'all': 0.1}: 100% 1000/1000 [00:28<00:00, 35.60it/s]
[2024-08-01 07:12:27,248][__main__][INFO] - calculate approximate policy value ...: 100% 100/100 [00:08<00:00, 12.48it/s]
[2024-08-01 07:12:58,543][__main__][INFO] - behavior=independent, behavior ratio={'independent': 0.7, 'cascade': 0.15, 'all': 0.15}: 100% 1000/1000 [00:31<00:00, 31.96it/s]
[2024-08-01 07:13:06,548][__main__][INFO] - calculate approximate policy value ...: 100% 100/100 [00:07<00:00, 12.67it/s]
[2024-08-01 07:13:34,191][__main__][INFO] - behavior=independent, behavior ratio={'independent': 0.6, 'cascade': 0.2, 'all': 0.2}: 100% 1000/1000 [00:27<00:00, 36.18it/s]
[2024-08-01 07:13:42,204][__main__][INFO] - calculate approximate policy value ...: 100% 100/100 [00:07<00:00, 12.60it/s]
[2024-08-01 07:14:11,327][__main__][INFO] - behavior=independent, behavior ratio={'independent': 0.5, 'cascade': 0.25, 'all': 0.25}: 100% 1000/1000 [00:29<00:00, 34.34it/s]
[2024-08-01 07:14:13,288][__main__][INFO] - finish experiment...
[2024-08-01 07:16:09,421][__main__][INFO] - start experiment...
[2024-08-01 07:16:17,814][__main__][INFO] - calculate approximate policy value ...: 100% 100/100 [00:08<00:00, 12.06it/s]
[2024-08-01 07:16:45,168][__main__][INFO] - behavior=cascade, behavior ratio={'independent': 0.0, 'cascade': 1.0, 'all': 0.0}: 100% 1000/1000 [00:27<00:00, 36.57it/s]
[2024-08-01 07:16:54,058][__main__][INFO] - calculate approximate policy value ...: 100% 100/100 [00:08<00:00, 11.39it/s]
[2024-08-01 07:17:24,119][__main__][INFO] - behavior=cascade, behavior ratio={'independent': 0.05, 'cascade': 0.9, 'all': 0.05}: 100% 1000/1000 [00:30<00:00, 33.27it/s]
[2024-08-01 07:17:32,618][__main__][INFO] - calculate approximate policy value ...: 100% 100/100 [00:08<00:00, 11.95it/s]
[2024-08-01 07:18:02,726][__main__][INFO] - behavior=cascade, behavior ratio={'independent': 0.1, 'cascade': 0.8, 'all': 0.1}: 100% 1000/1000 [00:30<00:00, 33.22it/s]
[2024-08-01 07:18:11,199][__main__][INFO] - calculate approximate policy value ...: 100% 100/100 [00:08<00:00, 11.95it/s]
[2024-08-01 07:18:42,186][__main__][INFO] - behavior=cascade, behavior ratio={'independent': 0.15, 'cascade': 0.7, 'all': 0.15}: 100% 1000/1000 [00:30<00:00, 32.28it/s]
[2024-08-01 07:18:51,184][__main__][INFO] - calculate approximate policy value ...: 100% 100/100 [00:08<00:00, 11.27it/s]
[2024-08-01 07:19:22,096][__main__][INFO] - behavior=cascade, behavior ratio={'independent': 0.2, 'cascade': 0.6, 'all': 0.2}: 100% 1000/1000 [00:30<00:00, 32.36it/s]
[2024-08-01 07:19:31,001][__main__][INFO] - calculate approximate policy value ...: 100% 100/100 [00:08<00:00, 11.54it/s]
[2024-08-01 07:19:59,765][__main__][INFO] - behavior=cascade, behavior ratio={'independent': 0.25, 'cascade': 0.5, 'all': 0.25}: 100% 1000/1000 [00:28<00:00, 34.80it/s]
[2024-08-01 07:20:09,633][__main__][INFO] - calculate approximate policy value ...: 100% 100/100 [00:07<00:00, 12.95it/s]
[2024-08-01 07:20:40,612][__main__][INFO] - behavior=independent, behavior ratio={'independent': 1.0, 'cascade': 0.0, 'all': 0.0}: 100% 1000/1000 [00:30<00:00, 32.29it/s]
[2024-08-01 07:20:48,621][__main__][INFO] - calculate approximate policy value ...: 100% 100/100 [00:07<00:00, 12.73it/s]
[2024-08-01 07:21:19,892][__main__][INFO] - behavior=independent, behavior ratio={'independent': 0.9, 'cascade': 0.05, 'all': 0.05}: 100% 1000/1000 [00:31<00:00, 31.98it/s]
[2024-08-01 07:21:28,783][__main__][INFO] - calculate approximate policy value ...: 100% 100/100 [00:08<00:00, 11.41it/s]
[2024-08-01 07:22:01,421][__main__][INFO] - behavior=independent, behavior ratio={'independent': 0.8, 'cascade': 0.1, 'all': 0.1}: 100% 1000/1000 [00:32<00:00, 30.65it/s]
[2024-08-01 07:22:09,967][__main__][INFO] - calculate approximate policy value ...: 100% 100/100 [00:08<00:00, 11.83it/s]
[2024-08-01 07:22:42,667][__main__][INFO] - behavior=independent, behavior ratio={'independent': 0.7, 'cascade': 0.15, 'all': 0.15}: 100% 1000/1000 [00:32<00:00, 30.59it/s]
[2024-08-01 07:22:51,252][__main__][INFO] - calculate approximate policy value ...: 100% 100/100 [00:08<00:00, 11.83it/s]
[2024-08-01 07:23:21,554][__main__][INFO] - behavior=independent, behavior ratio={'independent': 0.6, 'cascade': 0.2, 'all': 0.2}: 100% 1000/1000 [00:30<00:00, 33.01it/s]
[2024-08-01 07:23:29,963][__main__][INFO] - calculate approximate policy value ...: 100% 100/100 [00:08<00:00, 12.04it/s]
[2024-08-01 07:24:02,755][__main__][INFO] - behavior=independent, behavior ratio={'independent': 0.5, 'cascade': 0.25, 'all': 0.25}: 100% 1000/1000 [00:32<00:00, 30.50it/s]
[2024-08-01 07:24:04,894][__main__][INFO] - finish experiment...
[2024-08-01 07:29:32,811][__main__][INFO] - start experiment...
[2024-08-01 07:29:49,446][__main__][INFO] - calculate approximate policy value ...: 100% 100/100 [00:16<00:00,  6.04it/s]
