[2024-06-19 08:26:57,900][__main__][INFO] - start experiment...
[2024-06-19 08:27:20,659][__main__][INFO] - calculate approximate policy value ...: 100%|███████████████████████████████████████████████████████████████████████████████████████████████████████████████████████████████████████████████████| 100/100 [00:22<00:00,  4.41it/s]
[2024-06-19 08:27:30,938][__main__][INFO] - behavior=independent, len_list=2...: 100%|████████████████████████████████████████████████████████████████████████████████████████████████████████████████████████████████████████████████████| 1000/1000 [00:10<00:00, 97.34it/s]
[2024-06-19 08:27:55,304][__main__][INFO] - calculate approximate policy value ...: 100%|███████████████████████████████████████████████████████████████████████████████████████████████████████████████████████████████████████████████████| 100/100 [00:24<00:00,  4.12it/s]
[2024-06-19 08:28:07,565][__main__][INFO] - behavior=independent, len_list=4...: 100%|████████████████████████████████████████████████████████████████████████████████████████████████████████████████████████████████████████████████████| 1000/1000 [00:12<00:00, 81.60it/s]
[2024-06-19 08:28:38,290][__main__][INFO] - calculate approximate policy value ...: 100%|███████████████████████████████████████████████████████████████████████████████████████████████████████████████████████████████████████████████████| 100/100 [00:30<00:00,  3.26it/s]
[2024-06-19 08:28:57,290][__main__][INFO] - behavior=independent, len_list=6...: 100%|████████████████████████████████████████████████████████████████████████████████████████████████████████████████████████████████████████████████████| 1000/1000 [00:18<00:00, 52.66it/s]
[2024-06-19 08:29:27,891][__main__][INFO] - calculate approximate policy value ...: 100%|███████████████████████████████████████████████████████████████████████████████████████████████████████████████████████████████████████████████████| 100/100 [00:30<00:00,  3.28it/s]
[2024-06-19 08:29:54,108][__main__][INFO] - behavior=independent, len_list=8...: 100%|████████████████████████████████████████████████████████████████████████████████████████████████████████████████████████████████████████████████████| 1000/1000 [00:26<00:00, 38.15it/s]
[2024-06-19 08:30:25,874][__main__][INFO] - calculate approximate policy value ...: 100%|███████████████████████████████████████████████████████████████████████████████████████████████████████████████████████████████████████████████████| 100/100 [00:31<00:00,  3.16it/s]
[2024-06-19 08:30:48,705][__main__][INFO] - behavior=independent, len_list=10...: 100%|███████████████████████████████████████████████████████████████████████████████████████████████████████████████████████████████████████████████████| 1000/1000 [00:22<00:00, 43.82it/s]
[2024-06-19 08:31:15,283][__main__][INFO] - calculate approximate policy value ...: 100%|███████████████████████████████████████████████████████████████████████████████████████████████████████████████████████████████████████████████████| 100/100 [00:25<00:00,  3.98it/s]
[2024-06-19 08:31:27,526][__main__][INFO] - behavior=cascade, len_list=2...: 100%|████████████████████████████████████████████████████████████████████████████████████████████████████████████████████████████████████████████████████████| 1000/1000 [00:12<00:00, 81.71it/s]
[2024-06-19 08:31:57,619][__main__][INFO] - calculate approximate policy value ...: 100%|███████████████████████████████████████████████████████████████████████████████████████████████████████████████████████████████████████████████████| 100/100 [00:30<00:00,  3.33it/s]
[2024-06-19 08:32:16,928][__main__][INFO] - behavior=cascade, len_list=4...: 100%|████████████████████████████████████████████████████████████████████████████████████████████████████████████████████████████████████████████████████████| 1000/1000 [00:19<00:00, 51.81it/s]
[2024-06-19 08:32:49,611][__main__][INFO] - calculate approximate policy value ...: 100%|███████████████████████████████████████████████████████████████████████████████████████████████████████████████████████████████████████████████████| 100/100 [00:32<00:00,  3.07it/s]
[2024-06-19 08:33:09,351][__main__][INFO] - behavior=cascade, len_list=6...: 100%|████████████████████████████████████████████████████████████████████████████████████████████████████████████████████████████████████████████████████████| 1000/1000 [00:19<00:00, 50.68it/s]
[2024-06-19 08:33:40,366][__main__][INFO] - calculate approximate policy value ...: 100%|███████████████████████████████████████████████████████████████████████████████████████████████████████████████████████████████████████████████████| 100/100 [00:30<00:00,  3.23it/s]
[2024-06-19 08:34:13,879][__main__][INFO] - behavior=cascade, len_list=8...: 100%|████████████████████████████████████████████████████████████████████████████████████████████████████████████████████████████████████████████████████████| 1000/1000 [00:33<00:00, 29.85it/s]
[2024-06-19 08:34:46,276][__main__][INFO] - calculate approximate policy value ...: 100%|███████████████████████████████████████████████████████████████████████████████████████████████████████████████████████████████████████████████████| 100/100 [00:32<00:00,  3.10it/s]
[2024-06-19 08:35:15,321][__main__][INFO] - behavior=cascade, len_list=10...: 100%|███████████████████████████████████████████████████████████████████████████████████████████████████████████████████████████████████████████████████████| 1000/1000 [00:29<00:00, 34.44it/s]
[2024-06-19 08:35:41,283][__main__][INFO] - calculate approximate policy value ...: 100%|███████████████████████████████████████████████████████████████████████████████████████████████████████████████████████████████████████████████████| 100/100 [00:24<00:00,  4.10it/s]
[2024-06-19 08:35:52,514][__main__][INFO] - behavior=all, len_list=2...: 100%|████████████████████████████████████████████████████████████████████████████████████████████████████████████████████████████████████████████████████████████| 1000/1000 [00:11<00:00, 89.10it/s]
[2024-06-19 08:36:19,295][__main__][INFO] - calculate approximate policy value ...: 100%|███████████████████████████████████████████████████████████████████████████████████████████████████████████████████████████████████████████████████| 100/100 [00:26<00:00,  3.75it/s]
[2024-06-19 08:36:34,674][__main__][INFO] - behavior=all, len_list=4...: 100%|███████████████████████████████████████████████████████████████████████████████████████████████████████████████████████████████████████████████████████████████████████████████████████████████| 1000/1000 [00:15<00:00, 65.05it/s]
[2024-06-19 08:37:05,209][__main__][INFO] - calculate approximate policy value ...: 100%|██████████████████████████████████████████████████████████████████████████████████████████████████████████████████████████████████████████████████████████████████████████████████████| 100/100 [00:30<00:00,  3.29it/s]
[2024-06-19 08:37:27,744][__main__][INFO] - behavior=all, len_list=6...: 100%|███████████████████████████████████████████████████████████████████████████████████████████████████████████████████████████████████████████████████████████████████████████████████████████████| 1000/1000 [00:22<00:00, 44.41it/s]
[2024-06-19 08:38:03,521][__main__][INFO] - calculate approximate policy value ...: 100%|██████████████████████████████████████████████████████████████████████████████████████████████████████████████████████████████████████████████████████████████████████████████████████| 100/100 [00:35<00:00,  2.81it/s]
[2024-06-19 08:38:28,830][__main__][INFO] - behavior=all, len_list=8...: 100%|███████████████████████████████████████████████████████████████████████████████████████████████████████████████████████████████████████████████████████████████████████████████████████████████| 1000/1000 [00:25<00:00, 39.56it/s]
[2024-06-19 08:39:01,673][__main__][INFO] - calculate approximate policy value ...: 100%|██████████████████████████████████████████████████████████████████████████████████████████████████████████████████████████████████████████████████████████████████████████████████████| 100/100 [00:32<00:00,  3.05it/s]
[2024-06-19 08:39:30,430][__main__][INFO] - behavior=all, len_list=10...: 100%|██████████████████████████████████████████████████████████████████████████████████████████████████████████████████████████████████████████████████████████████████████████████████████████████| 1000/1000 [00:28<00:00, 34.78it/s]
[2024-06-19 08:39:31,939][__main__][INFO] - finish experiment...
