[2024-06-26 09:30:36,277][__main__][INFO] - start experiment...
[2024-06-26 09:31:25,203][__main__][INFO] - calculate approximate policy value ...: 100% 100/100 [00:48<00:00,  2.05it/s]
[2024-06-26 09:32:26,929][__main__][INFO] - behavior=independent, n_unique_actions=3: 100% 1000/1000 [01:01<00:00, 16.20it/s]
[2024-06-26 09:33:47,940][__main__][INFO] - calculate approximate policy value ...: 100% 100/100 [01:20<00:00,  1.24it/s]
[2024-06-26 09:35:52,479][__main__][INFO] - behavior=independent, n_unique_actions=50: 100% 1000/1000 [02:04<00:00,  8.03it/s]
[2024-06-26 09:37:40,476][__main__][INFO] - calculate approximate policy value ...: 100% 100/100 [01:47<00:00,  1.08s/it]
[2024-06-26 09:40:38,872][__main__][INFO] - behavior=independent, n_unique_actions=100: 100% 1000/1000 [02:58<00:00,  5.61it/s]
[2024-06-28 04:43:30,873][__main__][INFO] - start experiment...
[2024-06-28 04:43:31,168][__main__][INFO] - calculate approximate policy value ...: 100% 100/100 [00:00<00:00, 397.29it/s]
[2024-06-28 04:44:25,465][__main__][INFO] - behavior=independent, n_unique_actions=3: 100% 1000/1000 [00:54<00:00, 18.42it/s]
[2024-06-28 04:44:28,846][__main__][INFO] - calculate approximate policy value ...: 100% 100/100 [00:03<00:00, 30.44it/s]
[2024-06-28 04:46:35,703][__main__][INFO] - behavior=independent, n_unique_actions=50: 100% 1000/1000 [02:06<00:00,  7.88it/s]
[2024-06-28 04:46:41,350][__main__][INFO] - calculate approximate policy value ...: 100% 100/100 [00:05<00:00, 18.00it/s]
[2024-06-28 04:49:41,481][__main__][INFO] - behavior=independent, n_unique_actions=100: 100% 1000/1000 [03:00<00:00,  5.55it/s]
[2024-06-28 04:49:56,075][__main__][INFO] - calculate approximate policy value ...: 100% 100/100 [00:14<00:00,  6.89it/s]
[2024-06-28 05:02:23,847][__main__][INFO] - start experiment...
[2024-06-28 05:02:24,082][__main__][INFO] - calculate approximate policy value ...: 100% 100/100 [00:00<00:00, 532.91it/s]
[2024-06-28 05:02:30,637][__main__][INFO] - behavior=independent, n_unique_actions=3: 100% 100/100 [00:06<00:00, 15.26it/s]
[2024-06-28 05:02:34,320][__main__][INFO] - calculate approximate policy value ...: 100% 100/100 [00:03<00:00, 27.82it/s]
[2024-06-28 05:02:46,878][__main__][INFO] - behavior=independent, n_unique_actions=50: 100% 100/100 [00:12<00:00,  7.97it/s]
[2024-06-28 05:02:51,645][__main__][INFO] - calculate approximate policy value ...: 100% 100/100 [00:04<00:00, 21.22it/s]
[2024-06-28 05:03:09,550][__main__][INFO] - behavior=independent, n_unique_actions=100: 100% 100/100 [00:17<00:00,  5.59it/s]
[2024-06-28 05:03:24,320][__main__][INFO] - calculate approximate policy value ...: 100% 100/100 [00:14<00:00,  6.80it/s]
[2024-06-28 05:06:55,069][__main__][INFO] - behavior=independent, n_unique_actions=1000: 100% 100/100 [03:30<00:00,  2.11s/it]
[2024-06-28 05:08:07,212][__main__][INFO] - calculate approximate policy value ...: 100% 100/100 [01:12<00:00,  1.39it/s]
[2024-06-28 05:22:52,616][__main__][INFO] - behavior=independent, n_unique_actions=3000: 100% 100/100 [14:45<00:00,  8.85s/it]
[2024-06-28 05:26:00,814][__main__][INFO] - calculate approximate policy value ...: 100% 100/100 [03:08<00:00,  1.88s/it]
[2024-06-28 05:59:00,792][__main__][INFO] - behavior=independent, n_unique_actions=5000: 100% 100/100 [32:59<00:00, 19.80s/it]
[2024-06-28 05:59:01,795][__main__][INFO] - calculate approximate policy value ...: 100% 100/100 [00:00<00:00, 523.91it/s]
[2024-06-28 05:59:08,800][__main__][INFO] - behavior=cascade, n_unique_actions=3: 100% 100/100 [00:06<00:00, 14.29it/s]
[2024-06-28 05:59:12,824][__main__][INFO] - calculate approximate policy value ...: 100% 100/100 [00:03<00:00, 25.28it/s]
[2024-06-28 05:59:25,603][__main__][INFO] - behavior=cascade, n_unique_actions=50: 100% 100/100 [00:12<00:00,  7.83it/s]
[2024-06-28 05:59:30,249][__main__][INFO] - calculate approximate policy value ...: 100% 100/100 [00:04<00:00, 21.83it/s]
[2024-06-28 05:59:48,458][__main__][INFO] - behavior=cascade, n_unique_actions=100: 100% 100/100 [00:18<00:00,  5.49it/s]
[2024-06-28 06:00:04,779][__main__][INFO] - calculate approximate policy value ...: 100% 100/100 [00:16<00:00,  6.14it/s]
[2024-06-28 06:03:35,348][__main__][INFO] - behavior=cascade, n_unique_actions=1000: 100% 100/100 [03:30<00:00,  2.11s/it]
[2024-06-28 06:04:43,765][__main__][INFO] - calculate approximate policy value ...: 100% 100/100 [01:08<00:00,  1.46it/s]
[2024-06-28 06:19:31,351][__main__][INFO] - behavior=cascade, n_unique_actions=3000: 100% 100/100 [14:47<00:00,  8.88s/it]
[2024-06-28 06:22:49,669][__main__][INFO] - calculate approximate policy value ...: 100% 100/100 [03:18<00:00,  1.98s/it]
[2024-06-28 06:55:30,375][__main__][INFO] - behavior=cascade, n_unique_actions=5000: 100% 100/100 [32:40<00:00, 19.61s/it]
[2024-06-28 06:55:31,241][__main__][INFO] - calculate approximate policy value ...: 100% 100/100 [00:00<00:00, 455.33it/s]
[2024-06-28 06:55:38,257][__main__][INFO] - behavior=all, n_unique_actions=3: 100% 100/100 [00:07<00:00, 14.27it/s]
[2024-06-28 06:55:41,794][__main__][INFO] - calculate approximate policy value ...: 100% 100/100 [00:03<00:00, 28.80it/s]
[2024-06-28 06:55:54,702][__main__][INFO] - behavior=all, n_unique_actions=50: 100% 100/100 [00:12<00:00,  7.75it/s]
[2024-06-28 06:55:59,037][__main__][INFO] - calculate approximate policy value ...: 100% 100/100 [00:04<00:00, 23.32it/s]
[2024-06-28 06:56:17,977][__main__][INFO] - behavior=all, n_unique_actions=100: 100% 100/100 [00:18<00:00,  5.28it/s]
[2024-06-28 06:56:30,666][__main__][INFO] - calculate approximate policy value ...: 100% 100/100 [00:12<00:00,  7.91it/s]
[2024-06-28 06:59:58,999][__main__][INFO] - behavior=all, n_unique_actions=1000: 100% 100/100 [03:28<00:00,  2.08s/it]
[2024-06-28 07:01:02,440][__main__][INFO] - calculate approximate policy value ...: 100% 100/100 [01:03<00:00,  1.58it/s]
[2024-06-28 07:14:48,155][__main__][INFO] - behavior=all, n_unique_actions=3000: 100% 100/100 [13:45<00:00,  8.26s/it]
[2024-06-28 07:17:49,192][__main__][INFO] - calculate approximate policy value ...: 100% 100/100 [03:00<00:00,  1.81s/it]
[2024-06-28 13:23:06,708][__main__][INFO] - behavior=all, n_unique_actions=5000: 100% 100/100 [6:05:17<00:00, 219.17s/it]
[2024-06-28 13:23:07,503][__main__][INFO] - finish experiment...
[2024-08-01 03:07:34,883][__main__][INFO] - start experiment...
[2024-08-01 03:07:35,169][__main__][INFO] - calculate approximate policy value ...: 100% 100/100 [00:00<00:00, 496.42it/s]
[2024-08-01 03:08:00,538][__main__][INFO] - start experiment...
[2024-08-01 03:08:00,897][__main__][INFO] - calculate approximate policy value ...: 100% 100/100 [00:00<00:00, 420.34it/s]
[2024-08-01 03:08:48,204][__main__][INFO] - behavior=independent, n_unique_actions=3: 100% 1000/1000 [00:47<00:00, 21.14it/s]
[2024-08-01 03:08:53,180][__main__][INFO] - calculate approximate policy value ...: 100% 100/100 [00:04<00:00, 20.61it/s]
[2024-08-01 03:11:03,737][__main__][INFO] - behavior=independent, n_unique_actions=80: 100% 1000/1000 [02:10<00:00,  7.66it/s]
[2024-08-01 03:11:10,487][__main__][INFO] - calculate approximate policy value ...: 100% 100/100 [00:06<00:00, 15.03it/s]
[2024-08-01 03:15:24,956][__main__][INFO] - behavior=independent, n_unique_actions=240: 100% 1000/1000 [04:14<00:00,  3.93it/s]
[2024-08-01 03:15:33,701][__main__][INFO] - calculate approximate policy value ...: 100% 100/100 [00:08<00:00, 11.53it/s]
[2024-08-01 03:21:15,861][__main__][INFO] - behavior=independent, n_unique_actions=320: 100% 1000/1000 [05:42<00:00,  2.92it/s]
[2024-08-01 03:21:25,154][__main__][INFO] - calculate approximate policy value ...: 100% 100/100 [00:09<00:00, 10.87it/s]
[2024-08-01 03:28:16,136][__main__][INFO] - behavior=independent, n_unique_actions=400: 100% 1000/1000 [06:50<00:00,  2.43it/s]
[2024-08-01 03:28:20,395][__main__][INFO] - calculate approximate policy value ...: 100% 100/100 [00:00<00:00, 467.48it/s]
[2024-08-01 03:29:22,502][__main__][INFO] - behavior=cascade, n_unique_actions=3: 100% 1000/1000 [01:02<00:00, 16.10it/s]
[2024-08-01 03:29:27,656][__main__][INFO] - calculate approximate policy value ...: 100% 100/100 [00:05<00:00, 19.84it/s]
[2024-08-01 03:31:50,471][__main__][INFO] - behavior=cascade, n_unique_actions=80: 100% 1000/1000 [02:22<00:00,  7.00it/s]
[2024-08-01 03:31:57,321][__main__][INFO] - calculate approximate policy value ...: 100% 100/100 [00:06<00:00, 14.84it/s]
[2024-08-01 03:36:02,438][__main__][INFO] - behavior=cascade, n_unique_actions=240: 100% 1000/1000 [04:05<00:00,  4.08it/s]
[2024-08-01 03:36:10,355][__main__][INFO] - calculate approximate policy value ...: 100% 100/100 [00:07<00:00, 12.77it/s]
[2024-08-01 03:41:18,346][__main__][INFO] - behavior=cascade, n_unique_actions=320: 100% 1000/1000 [05:07<00:00,  3.25it/s]
[2024-08-01 03:41:27,119][__main__][INFO] - calculate approximate policy value ...: 100% 100/100 [00:08<00:00, 11.51it/s]
[2024-08-01 03:47:32,861][__main__][INFO] - behavior=cascade, n_unique_actions=400: 100% 1000/1000 [06:05<00:00,  2.73it/s]
[2024-08-01 03:47:36,800][__main__][INFO] - calculate approximate policy value ...: 100% 100/100 [00:00<00:00, 189.23it/s]
[2024-08-01 03:48:31,681][__main__][INFO] - behavior=all, n_unique_actions=3: 100% 1000/1000 [00:54<00:00, 18.23it/s]
[2024-08-01 03:48:36,627][__main__][INFO] - calculate approximate policy value ...: 100% 100/100 [00:04<00:00, 20.90it/s]
[2024-08-01 03:50:45,264][__main__][INFO] - behavior=all, n_unique_actions=80: 100% 1000/1000 [02:08<00:00,  7.77it/s]
[2024-08-01 03:50:53,016][__main__][INFO] - calculate approximate policy value ...: 100% 100/100 [00:07<00:00, 13.18it/s]
[2024-08-01 03:55:12,779][__main__][INFO] - behavior=all, n_unique_actions=240: 100% 1000/1000 [04:19<00:00,  3.85it/s]
[2024-08-01 03:55:21,255][__main__][INFO] - calculate approximate policy value ...: 100% 100/100 [00:08<00:00, 11.94it/s]
[2024-08-01 04:00:17,173][__main__][INFO] - behavior=all, n_unique_actions=320: 100% 1000/1000 [04:55<00:00,  3.38it/s]
[2024-08-01 04:00:26,000][__main__][INFO] - calculate approximate policy value ...: 100% 100/100 [00:08<00:00, 11.45it/s]
[2024-08-01 04:06:38,456][__main__][INFO] - behavior=all, n_unique_actions=400: 100% 1000/1000 [06:12<00:00,  2.68it/s]
[2024-08-01 04:06:41,980][__main__][INFO] - finish experiment...
[2024-08-02 06:55:51,489][__main__][INFO] - start experiment...
[2024-08-02 06:55:53,414][__main__][INFO] - calculate approximate policy value ...: 100% 5/5 [00:01<00:00,  2.69it/s]
[2024-08-02 06:55:53,788][__main__][INFO] - behavior=cascade, n_unique_actions=3: 100% 200/200 [00:00<00:00, 633.55it/s]
[2024-08-02 06:55:56,920][__main__][INFO] - calculate approximate policy value ...: 100% 5/5 [00:03<00:00,  1.64it/s]
[2024-08-02 06:56:08,958][__main__][INFO] - behavior=cascade, n_unique_actions=100: 100% 200/200 [00:11<00:00, 16.70it/s]
[2024-08-02 06:56:18,645][__main__][INFO] - calculate approximate policy value ...: 100% 5/5 [00:09<00:00,  1.92s/it]
[2024-08-02 06:56:43,578][__main__][INFO] - behavior=cascade, n_unique_actions=500: 100% 200/200 [00:24<00:00,  8.04it/s]
[2024-08-02 06:57:17,573][__main__][INFO] - calculate approximate policy value ...: 100% 5/5 [00:33<00:00,  6.78s/it]
[2024-08-02 06:57:58,344][__main__][INFO] - behavior=cascade, n_unique_actions=1000: 100% 200/200 [00:40<00:00,  4.91it/s]
[2024-08-02 07:02:31,294][__main__][INFO] - calculate approximate policy value ...: 100% 5/5 [04:32<00:00, 54.57s/it]
[2024-08-02 07:04:13,833][__main__][INFO] - behavior=cascade, n_unique_actions=2000: 100% 200/200 [01:42<00:00,  1.96it/s]
[2024-08-02 07:04:19,121][__main__][INFO] - calculate approximate policy value ...: 100% 5/5 [00:02<00:00,  2.36it/s]
[2024-08-02 07:04:19,714][__main__][INFO] - behavior=independent, n_unique_actions=3: 100% 200/200 [00:00<00:00, 385.11it/s]
[2024-08-02 07:04:22,939][__main__][INFO] - calculate approximate policy value ...: 100% 5/5 [00:03<00:00,  1.58it/s]
[2024-08-02 07:04:35,968][__main__][INFO] - behavior=independent, n_unique_actions=100: 100% 200/200 [00:12<00:00, 15.44it/s]
[2024-08-02 07:04:46,029][__main__][INFO] - calculate approximate policy value ...: 100% 5/5 [00:09<00:00,  1.99s/it]
[2024-08-02 07:05:09,228][__main__][INFO] - behavior=independent, n_unique_actions=500: 100% 200/200 [00:23<00:00,  8.65it/s]
[2024-08-02 07:05:44,610][__main__][INFO] - calculate approximate policy value ...: 100% 5/5 [00:35<00:00,  7.06s/it]
[2024-08-02 07:06:25,175][__main__][INFO] - behavior=independent, n_unique_actions=1000: 100% 200/200 [00:40<00:00,  4.94it/s]
